<?xml version="1.0" encoding="UTF-8"?>
<testsuite xmlns:xsi="http://www.w3.org/2001/XMLSchema-instance" xsi:noNamespaceSchemaLocation="https://maven.apache.org/surefire/maven-surefire-plugin/xsd/surefire-test-report.xsd" name="support.runtest" time="6.754" tests="3" errors="0" skipped="0" failures="0">
  <properties>
[...]
</properties>
  <testcase name="Listar un usuario" classname="Pruebas de servicio al usuario" time="3.392"/>
  <testcase name="Usuario no registrado" classname="Pruebas de servicio al usuario" time="0.661"/>
  <testcase name="Crear usuario" classname="Pruebas de servicio al usuario" time="1.984"/>
</testsuite>